<?xml version="1.0" encoding="UTF-8"?>
<!-- Generated by org.testng.reporters.JUnitXMLReporter -->
<testsuite hostname="ELF-34-SHIVARAJNAGAROOR" ignored="0" name="Test" tests="2" failures="1" timestamp="12 Jun 2022 07:32:41 GMT" time="55.219" errors="0">
  <testcase name="TC" time="55.092" classname="practiceSession.OpenBrowserDropDownWithOutSelectClassTest"/>
  <testcase name="TC" time="0.0" classname="practiceSession.WorkingOnValidationtest">
    <failure type="java.lang.IllegalStateException" message="The driver executable does not exist: C:\Users\shiva\workspace\MavenPractice\.\Drivers\chromedriver.exe">
      <![CDATA[java.lang.IllegalStateException: The driver executable does not exist: C:\Users\shiva\workspace\MavenPractice\.\Drivers\chromedriver.exe
	at com.google.common.base.Preconditions.checkState(Preconditions.java:585)
	at org.openqa.selenium.remote.service.DriverService.checkExecutable(DriverService.java:146)
	at org.openqa.selenium.remote.service.DriverService.findExecutable(DriverService.java:141)
	at org.openqa.selenium.chrome.ChromeDriverService.access$000(ChromeDriverService.java:35)
	at org.openqa.selenium.chrome.ChromeDriverService$Builder.findDefaultExecutable(ChromeDriverService.java:159)
	at org.openqa.selenium.remote.service.DriverService$Builder.build(DriverService.java:355)
	at org.openqa.selenium.chrome.ChromeDriverService.createDefaultService(ChromeDriverService.java:94)
	at org.openqa.selenium.chrome.ChromeDriver.<init>(ChromeDriver.java:123)
	at practiceSession.WorkingOnValidationtest.TC(WorkingOnValidationtest.java:12)
... Removed 25 stack frames]]>
    </failure>
  </testcase> <!-- TC -->
</testsuite> <!-- Test -->
